source: Error encountered while sourcing file '/home/ossi/.local/share/omf/init.fish':
source: Datei oder Verzeichnis nicht gefunden
Fehler bei der Verbindung zur Sitzungsverwaltung: Verbindung zur Sitzungsverwaltung fehlgeschlagen: SESSION_MANAGER environment variable not defined
/home/ossi/.config/polybar/launch.sh: Zeile 15: Replacing: Kommando nicht gefunden.
polybar|notice:  Parsing config file: /home/ossi/.config/polybar/config.ini
polybar|notice:  Parsing config file: /home/ossi/.config/polybar/config.ini
polybar|notice:  Loading module 'pulseaudio' of type 'internal/pulseaudio'
polybar|notice:  Loading module 'i3' of type 'internal/i3'
polybar|notice:  Loading module 'memory' of type 'internal/memory'
polybar|notice:  Loading module 'sep' of type 'custom/text'
polybar|notice:  Loading module 'hdd' of type 'custom/text'
polybar|notice:  Loading module 'filesystem' of type 'internal/fs'
polybar|notice:  Loading module 'sep' of type 'custom/text'
polybar|notice:  Loading module 'cpu' of type 'internal/cpu'
polybar|notice:  Loading module 'sep' of type 'custom/text'
polybar|notice:  Loading module 'temperature' of type 'internal/temperature'
polybar|notice:  Loading module 'sep' of type 'custom/text'
polybar|notice:  Loading module 'date' of type 'internal/date'
polybar|notice:  Loading module 'sep' of type 'custom/text'
polybar|notice:  Loading module 'clock' of type 'internal/date'
polybar|notice:  Loaded 13 modules
polybar|notice:  Loaded font "DejaVuSansMono Nerd Font:size=12" (name=DejaVuSansMono Nerd Font, offset=0, file=/home/ossi/.local/share/fonts/NerdFonts/DejaVu Sans Mono Nerd Font Complete.ttf)
polybar|notice:  Loaded font "UbuntuMono Nerd Font:size=14" (name=UbuntuMono Nerd Font, offset=3, file=/home/ossi/.local/share/fonts/NerdFonts/Ubuntu Mono Nerd Font Complete.ttf)
polybar|notice:  Loaded font "Noto Sans Mono:style=Regular" (name=Noto Sans Mono, offset=0, file=/usr/share/fonts/noto/NotoSansMono-Regular.ttf)
polybar|error: tray: Failed to put tray above 0x2800001 in the stack (XCB_MATCH (8))
polybar|notice:  pulseaudio: using default sink alsa_output.pci-0000_00_1f.3.hdmi-stereo
polybar|notice:  Loading module 'title' of type 'internal/xwindow'
polybar|notice:  Loading module 'lan' of type 'custom/script'
polybar|notice:  Loaded 3 modules
polybar|notice:  Loaded font "RobotoMono Nerd Font:size=12" (name=RobotoMono Nerd Font, offset=0, file=/home/ossi/.local/share/fonts/NerdFonts/Roboto Mono Nerd Font Complete.ttf)
polybar|notice:  Loaded font "Noto Sans Mono:style=Regular" (name=Noto Sans Mono, offset=0, file=/usr/share/fonts/noto/NotoSansMono-Regular.ttf)
INFO: Created TensorFlow Lite XNNPACK delegate for CPU.
polybar|notice:  Received signal(15): Terminated
polybar|notice:  Termination signal received, shutting down...
polybar|notice:  Received signal(15): Terminated
polybar|notice:  Termination signal received, shutting down...
polybar|warn:  module/i3: Attempting to reconnect socket (reason: Unexpected EOF while reading header)

(process:2399): GLib-CRITICAL **: 19:23:40.722: g_string_insert_len: assertion 'len == 0 || val != NULL' failed
ATTENTION: default value of option mesa_glthread overridden by environment.
ATTENTION: default value of option mesa_glthread overridden by environment.
ATTENTION: default value of option mesa_glthread overridden by environment.
ATTENTION: default value of option mesa_glthread overridden by environment.
Fontconfig error: Cannot load default config file: No such file: (null)
[3740:3740:0330/165431.781013:ERROR:gl_surface_presentation_helper.cc(260)] GetVSyncParametersIfAvailable() failed for 1 times!
[ERROR viaduct::backend::ffi] Missing HTTP status
[ERROR viaduct::backend::ffi] Missing HTTP status
[3554:3639:0330/203630.389728:ERROR:connection_factory_impl.cc(473)] ConnectionHandler failed with net error: -2
Fontconfig error: Cannot load default config file: No such file: (null)
[3554:3554:0403/171043.706432:ERROR:interface_endpoint_client.cc(695)] Message 0 rejected by interface blink.mojom.WidgetHost
Fontconfig error: Cannot load default config file: No such file: (null)
[3740:3740:0403/175006.642558:ERROR:shared_image_manager.cc(197)] SharedImageManager::ProduceSkia: Trying to Produce a Skia representation from a non-existent mailbox.
[3740:3740:0403/175006.644212:ERROR:shared_image_manager.cc(197)] SharedImageManager::ProduceSkia: Trying to Produce a Skia representation from a non-existent mailbox.
[3740:3740:0403/175006.645377:ERROR:shared_image_manager.cc(197)] SharedImageManager::ProduceSkia: Trying to Produce a Skia representation from a non-existent mailbox.
[3554:3639:0404/123842.580986:ERROR:mcs_client.cc(750)] Received close command, resetting connection.
[3554:3639:0406/185217.178722:ERROR:connection_factory_impl.cc(473)] ConnectionHandler failed with net error: -2
[3554:3639:0407/062011.242209:ERROR:mcs_client.cc(750)] Received close command, resetting connection.
[3554:3639:0407/081056.728039:ERROR:mcs_client.cc(750)] Received close command, resetting connection.

(process:25854): GLib-CRITICAL **: 13:03:22.779: g_string_insert_len: assertion 'len == 0 || val != NULL' failed
ATTENTION: default value of option mesa_glthread overridden by environment.
ATTENTION: default value of option mesa_glthread overridden by environment.
ATTENTION: default value of option mesa_glthread overridden by environment.
ATTENTION: default value of option mesa_glthread overridden by environment.
[ERROR viaduct::backend::ffi] Missing HTTP status
[ERROR viaduct::backend::ffi] Missing HTTP status

(process:29707): GLib-CRITICAL **: 13:39:23.837: g_string_insert_len: assertion 'len == 0 || val != NULL' failed
ATTENTION: default value of option mesa_glthread overridden by environment.
ATTENTION: default value of option mesa_glthread overridden by environment.
ATTENTION: default value of option mesa_glthread overridden by environment.
ATTENTION: default value of option mesa_glthread overridden by environment.
[ERROR viaduct::backend::ffi] Missing HTTP status
[ERROR viaduct::backend::ffi] Missing HTTP status
[3554:3639:0409/003417.335823:ERROR:connection_factory_impl.cc(473)] ConnectionHandler failed with net error: -2
Fontconfig error: Cannot load default config file: No such file: (null)
